TN:
SF:src/modules/accounts/useCases/authenticateUser/AuthenticateUserController.ts
FN:6,AuthenticateUserController
FN:7,Object.<anonymous>.AuthenticateUserController.handle
FNF:2
FNH:1
FNDA:1,AuthenticateUserController
FNDA:0,Object.<anonymous>.AuthenticateUserController.handle
DA:1,1
DA:2,1
DA:3,1
DA:4,1
DA:5,1
DA:6,1
DA:7,1
DA:8,0
DA:9,0
DA:10,0
DA:11,0
DA:12,0
DA:13,0
DA:14,0
DA:15,0
DA:16,0
DA:17,0
DA:18,0
DA:19,1
LF:19
LH:8
BRDA:6,0,0,1
BRDA:6,1,0,1
BRF:2
BRH:2
end_of_record
TN:
SF:src/modules/accounts/useCases/authenticateUser/AuthenticateUserUseCase.ts
FN:27,AuthenticateUserUseCase
FN:38,Object.<anonymous>.AuthenticateUserUseCase.execute
FNF:2
FNH:0
FNDA:0,AuthenticateUserUseCase
FNDA:0,Object.<anonymous>.AuthenticateUserUseCase.execute
DA:1,1
DA:2,1
DA:3,1
DA:4,1
DA:5,1
DA:6,1
DA:7,1
DA:8,1
DA:9,1
DA:10,1
DA:11,1
DA:12,1
DA:13,1
DA:14,1
DA:15,1
DA:16,1
DA:17,1
DA:18,1
DA:19,1
DA:20,1
DA:21,1
DA:22,1
DA:23,1
DA:24,1
DA:25,1
DA:26,1
DA:27,1
DA:28,0
DA:29,0
DA:30,0
DA:31,0
DA:32,0
DA:33,0
DA:34,0
DA:35,0
DA:36,0
DA:37,1
DA:38,1
DA:39,0
DA:40,0
DA:41,0
DA:42,0
DA:43,0
DA:44,0
DA:45,0
DA:46,0
DA:47,0
DA:48,0
DA:49,0
DA:50,0
DA:51,0
DA:52,0
DA:53,0
DA:54,0
DA:55,0
DA:56,0
DA:57,0
DA:58,0
DA:59,0
DA:60,0
DA:61,0
DA:62,0
DA:63,0
DA:64,0
DA:65,0
DA:66,0
DA:67,0
DA:68,0
DA:69,0
DA:70,0
DA:71,0
DA:72,0
DA:73,0
DA:74,0
DA:75,0
DA:76,0
DA:77,0
DA:78,0
DA:79,0
DA:80,0
DA:81,0
DA:82,0
DA:83,0
DA:84,0
DA:85,0
DA:86,0
DA:87,0
DA:88,0
DA:89,0
DA:90,1
LF:90
LH:30
BRDA:26,0,0,1
BRF:1
BRH:1
end_of_record
TN:
SF:src/modules/accounts/useCases/confirmUser/ConfirmationUserController.ts
FN:6,ConfirmationUserController
FN:7,Object.<anonymous>.ConfirmationUserController.handle
FNF:2
FNH:1
FNDA:1,ConfirmationUserController
FNDA:0,Object.<anonymous>.ConfirmationUserController.handle
DA:1,1
DA:2,1
DA:3,1
DA:4,1
DA:5,1
DA:6,1
DA:7,1
DA:8,0
DA:9,0
DA:10,0
DA:11,0
DA:12,0
DA:13,0
DA:14,0
DA:15,0
DA:16,1
DA:17,1
DA:18,1
LF:18
LH:10
BRDA:6,0,0,1
BRDA:6,1,0,1
BRF:2
BRH:2
end_of_record
TN:
SF:src/modules/accounts/useCases/confirmUser/ConfirmationUserUseCase.ts
FN:10,ConfirmationUserUseCase
FN:21,Object.<anonymous>.ConfirmationUserUseCase.execute
FNF:2
FNH:0
FNDA:0,ConfirmationUserUseCase
FNDA:0,Object.<anonymous>.ConfirmationUserUseCase.execute
DA:1,1
DA:2,1
DA:3,1
DA:4,1
DA:5,1
DA:6,1
DA:7,1
DA:8,1
DA:9,1
DA:10,1
DA:11,0
DA:12,0
DA:13,0
DA:14,0
DA:15,0
DA:16,0
DA:17,0
DA:18,0
DA:19,0
DA:20,1
DA:21,1
DA:22,0
DA:23,0
DA:24,0
DA:25,0
DA:26,0
DA:27,0
DA:28,0
DA:29,0
DA:30,0
DA:31,0
DA:32,0
DA:33,0
DA:34,0
DA:35,0
DA:36,0
DA:37,0
DA:38,0
DA:39,0
DA:40,0
DA:41,0
DA:42,0
DA:43,0
DA:44,0
DA:45,0
DA:46,0
DA:47,1
DA:48,1
DA:49,1
LF:49
LH:15
BRDA:9,0,0,1
BRF:1
BRH:1
end_of_record
TN:
SF:src/modules/accounts/useCases/createUser/CreateUserController.ts
FN:6,CreateUserController
FN:7,Object.<anonymous>.CreateUserController.handle
FNF:2
FNH:2
FNDA:1,CreateUserController
FNDA:7,Object.<anonymous>.CreateUserController.handle
DA:1,1
DA:2,1
DA:3,1
DA:4,1
DA:5,1
DA:6,1
DA:7,1
DA:8,7
DA:9,7
DA:10,7
DA:11,7
DA:12,7
DA:13,7
DA:14,7
DA:15,7
DA:16,7
DA:17,7
DA:18,7
DA:19,7
DA:20,7
DA:21,7
DA:22,1
LF:22
LH:22
BRDA:6,0,0,1
BRDA:6,1,0,1
BRDA:7,2,0,7
BRF:3
BRH:3
end_of_record
TN:
SF:src/modules/accounts/useCases/createUser/CreateUserUseCase.ts
FN:13,CreateUserUseCase
FN:18,Object.<anonymous>.CreateUserUseCase.execute
FNF:2
FNH:2
FNDA:7,CreateUserUseCase
FNDA:7,Object.<anonymous>.CreateUserUseCase.execute
DA:1,1
DA:2,1
DA:3,1
DA:4,1
DA:5,1
DA:6,1
DA:7,1
DA:8,1
DA:9,1
DA:10,1
DA:11,1
DA:12,1
DA:13,1
DA:14,7
DA:15,7
DA:16,7
DA:17,1
DA:18,1
DA:19,7
DA:20,7
DA:21,7
DA:22,7
DA:23,7
DA:24,7
DA:25,7
DA:26,7
DA:27,7
DA:28,2
DA:29,2
DA:30,5
DA:31,5
DA:32,7
DA:33,7
DA:34,1
DA:35,1
DA:36,4
DA:37,4
DA:38,4
DA:39,4
DA:40,7
DA:41,7
DA:42,1
DA:43,1
DA:44,3
DA:45,3
DA:46,7
DA:47,7
DA:48,7
DA:49,7
DA:50,7
DA:51,7
DA:52,7
DA:53,7
DA:54,7
DA:55,1
LF:55
LH:55
BRDA:12,0,0,1
BRDA:13,1,0,7
BRDA:18,2,0,7
BRDA:27,3,0,2
BRDA:30,4,0,5
BRDA:33,5,0,1
BRDA:36,6,0,4
BRDA:41,7,0,1
BRDA:44,8,0,3
BRF:9
BRH:9
end_of_record
TN:
SF:src/modules/accounts/useCases/deleteUser/DeleteUserController.ts
FN:6,DeleteUserController
FN:7,Object.<anonymous>.DeleteUserController.handle
FNF:2
FNH:1
FNDA:1,DeleteUserController
FNDA:0,Object.<anonymous>.DeleteUserController.handle
DA:1,1
DA:2,1
DA:3,1
DA:4,1
DA:5,1
DA:6,1
DA:7,1
DA:8,0
DA:9,0
DA:10,0
DA:11,0
DA:12,0
DA:13,0
DA:14,0
DA:15,0
DA:16,0
DA:17,1
DA:18,1
DA:19,1
LF:19
LH:10
BRDA:6,0,0,1
BRDA:6,1,0,1
BRF:2
BRH:2
end_of_record
TN:
SF:src/modules/accounts/useCases/deleteUser/DeleteUserUseCase.ts
FN:9,DeleteUserUseCase
FN:14,Object.<anonymous>.DeleteUserUseCase.execute
FNF:2
FNH:0
FNDA:0,DeleteUserUseCase
FNDA:0,Object.<anonymous>.DeleteUserUseCase.execute
DA:1,1
DA:2,1
DA:3,1
DA:4,1
DA:5,1
DA:6,1
DA:7,1
DA:8,1
DA:9,1
DA:10,0
DA:11,0
DA:12,0
DA:13,1
DA:14,1
DA:15,0
DA:16,0
DA:17,0
DA:18,0
DA:19,0
DA:20,0
DA:21,0
DA:22,0
DA:23,0
DA:24,0
DA:25,0
DA:26,0
DA:27,0
DA:28,0
DA:29,1
DA:30,1
DA:31,1
LF:31
LH:14
BRDA:8,0,0,1
BRF:1
BRH:1
end_of_record
TN:
SF:src/modules/accounts/useCases/refreshToken/RefreshTokenController.ts
FN:6,RefreshTokenController
FN:7,Object.<anonymous>.RefreshTokenController.handle
FNF:2
FNH:1
FNDA:1,RefreshTokenController
FNDA:0,Object.<anonymous>.RefreshTokenController.handle
DA:1,1
DA:2,1
DA:3,1
DA:4,1
DA:5,1
DA:6,1
DA:7,1
DA:8,0
DA:9,0
DA:10,0
DA:11,0
DA:12,0
DA:13,0
DA:14,0
DA:15,0
DA:16,0
DA:17,0
DA:18,0
DA:19,1
DA:20,1
DA:21,1
LF:21
LH:10
BRDA:6,0,0,1
BRDA:6,1,0,1
BRF:2
BRH:2
end_of_record
TN:
SF:src/modules/accounts/useCases/refreshToken/RefreshTokenUseCase.ts
FN:21,RefreshTokenUseCase
FN:29,Object.<anonymous>.RefreshTokenUseCase.execute
FNF:2
FNH:0
FNDA:0,RefreshTokenUseCase
FNDA:0,Object.<anonymous>.RefreshTokenUseCase.execute
DA:1,1
DA:2,1
DA:3,1
DA:4,1
DA:5,1
DA:6,1
DA:7,1
DA:8,1
DA:9,1
DA:10,1
DA:11,1
DA:12,1
DA:13,1
DA:14,1
DA:15,1
DA:16,1
DA:17,1
DA:18,1
DA:19,1
DA:20,1
DA:21,1
DA:22,0
DA:23,0
DA:24,0
DA:25,0
DA:26,0
DA:27,0
DA:28,1
DA:29,1
DA:30,0
DA:31,0
DA:32,0
DA:33,0
DA:34,0
DA:35,0
DA:36,0
DA:37,0
DA:38,0
DA:39,0
DA:40,0
DA:41,0
DA:42,0
DA:43,0
DA:44,0
DA:45,0
DA:46,0
DA:47,0
DA:48,0
DA:49,0
DA:50,0
DA:51,0
DA:52,0
DA:53,0
DA:54,0
DA:55,0
DA:56,0
DA:57,0
DA:58,0
DA:59,0
DA:60,0
DA:61,0
DA:62,0
DA:63,0
DA:64,0
DA:65,0
DA:66,0
DA:67,0
DA:68,0
DA:69,0
DA:70,1
DA:71,1
DA:72,1
LF:72
LH:26
BRDA:20,0,0,1
BRF:1
BRH:1
end_of_record
TN:
SF:src/modules/accounts/useCases/resetPasswordUser/ResetPasswordUserController.ts
FN:6,ResetPasswordUserController
FN:7,Object.<anonymous>.ResetPasswordUserController.handle
FNF:2
FNH:1
FNDA:1,ResetPasswordUserController
FNDA:0,Object.<anonymous>.ResetPasswordUserController.handle
DA:1,1
DA:2,1
DA:3,1
DA:4,1
DA:5,1
DA:6,1
DA:7,1
DA:8,0
DA:9,0
DA:10,0
DA:11,0
DA:12,0
DA:13,0
DA:14,0
DA:15,0
DA:16,0
DA:17,0
DA:18,0
DA:19,1
DA:20,1
DA:21,1
LF:21
LH:10
BRDA:6,0,0,1
BRDA:6,1,0,1
BRF:2
BRH:2
end_of_record
TN:
SF:src/modules/accounts/useCases/resetPasswordUser/ResetPasswordUserUseCase.ts
FN:16,ResetPasswordUserUseCase
FN:27,Object.<anonymous>.ResetPasswordUserUseCase.execute
FNF:2
FNH:0
FNDA:0,ResetPasswordUserUseCase
FNDA:0,Object.<anonymous>.ResetPasswordUserUseCase.execute
DA:1,1
DA:2,1
DA:3,1
DA:4,1
DA:5,1
DA:6,1
DA:7,1
DA:8,1
DA:9,1
DA:10,1
DA:11,1
DA:12,1
DA:13,1
DA:14,1
DA:15,1
DA:16,1
DA:17,0
DA:18,0
DA:19,0
DA:20,0
DA:21,0
DA:22,0
DA:23,0
DA:24,0
DA:25,0
DA:26,1
DA:27,1
DA:28,0
DA:29,0
DA:30,0
DA:31,0
DA:32,0
DA:33,0
DA:34,0
DA:35,0
DA:36,0
DA:37,0
DA:38,0
DA:39,0
DA:40,0
DA:41,0
DA:42,0
DA:43,0
DA:44,0
DA:45,0
DA:46,0
DA:47,0
DA:48,0
DA:49,0
DA:50,0
DA:51,0
DA:52,0
DA:53,1
DA:54,1
DA:55,1
LF:55
LH:21
BRDA:15,0,0,1
BRF:1
BRH:1
end_of_record
TN:
SF:src/modules/accounts/useCases/sendConfirmateUserMail/SendConfirmationUserMailController.ts
FN:6,SendConfirmationUserMailController
FN:7,Object.<anonymous>.SendConfirmationUserMailController.handle
FNF:2
FNH:1
FNDA:1,SendConfirmationUserMailController
FNDA:0,Object.<anonymous>.SendConfirmationUserMailController.handle
DA:1,1
DA:2,1
DA:3,1
DA:4,1
DA:5,1
DA:6,1
DA:7,1
DA:8,0
DA:9,0
DA:10,0
DA:11,0
DA:12,0
DA:13,0
DA:14,0
DA:15,0
DA:16,0
DA:17,0
DA:18,1
DA:19,1
DA:20,1
LF:20
LH:10
BRDA:6,0,0,1
BRDA:6,1,0,1
BRF:2
BRH:2
end_of_record
TN:
SF:src/modules/accounts/useCases/sendConfirmateUserMail/SendConfirmationUserMailUseCase.ts
FN:13,SendConfirmationUserMailUseCase
FN:26,Object.<anonymous>.SendConfirmationUserMailUseCase.execute
FNF:2
FNH:0
FNDA:0,SendConfirmationUserMailUseCase
FNDA:0,Object.<anonymous>.SendConfirmationUserMailUseCase.execute
DA:1,1
DA:2,1
DA:3,1
DA:4,1
DA:5,1
DA:6,1
DA:7,1
DA:8,1
DA:9,1
DA:10,1
DA:11,1
DA:12,1
DA:13,1
DA:14,0
DA:15,0
DA:16,0
DA:17,0
DA:18,0
DA:19,0
DA:20,0
DA:21,0
DA:22,0
DA:23,0
DA:24,0
DA:25,0
DA:26,1
DA:27,0
DA:28,0
DA:29,0
DA:30,0
DA:31,0
DA:32,0
DA:33,0
DA:34,0
DA:35,0
DA:36,0
DA:37,0
DA:38,0
DA:39,0
DA:40,0
DA:41,0
DA:42,0
DA:43,0
DA:44,0
DA:45,0
DA:46,0
DA:47,0
DA:48,0
DA:49,0
DA:50,0
DA:51,0
DA:52,0
DA:53,0
DA:54,0
DA:55,0
DA:56,0
DA:57,0
DA:58,0
DA:59,0
DA:60,0
DA:61,0
DA:62,0
DA:63,0
DA:64,0
DA:65,0
DA:66,1
DA:67,1
DA:68,1
LF:68
LH:17
BRDA:12,0,0,1
BRF:1
BRH:1
end_of_record
TN:
SF:src/modules/accounts/useCases/sendForgotPasswordMail/SendForgotPasswordMailController.ts
FN:6,SendForgotPasswordMailController
FN:7,Object.<anonymous>.SendForgotPasswordMailController.handle
FNF:2
FNH:1
FNDA:1,SendForgotPasswordMailController
FNDA:0,Object.<anonymous>.SendForgotPasswordMailController.handle
DA:1,1
DA:2,1
DA:3,1
DA:4,1
DA:5,1
DA:6,1
DA:7,1
DA:8,0
DA:9,0
DA:10,0
DA:11,0
DA:12,0
DA:13,0
DA:14,0
DA:15,0
DA:16,0
DA:17,0
DA:18,1
DA:19,1
DA:20,1
LF:20
LH:10
BRDA:6,0,0,1
BRDA:6,1,0,1
BRF:2
BRH:2
end_of_record
TN:
SF:src/modules/accounts/useCases/sendForgotPasswordMail/SendForgotPasswordMailUseCase.ts
FN:13,SendForgotPasswordMailUseCase
FN:27,Object.<anonymous>.SendForgotPasswordMailUseCase.execute
FNF:2
FNH:0
FNDA:0,SendForgotPasswordMailUseCase
FNDA:0,Object.<anonymous>.SendForgotPasswordMailUseCase.execute
DA:1,1
DA:2,1
DA:3,1
DA:4,1
DA:5,1
DA:6,1
DA:7,1
DA:8,1
DA:9,1
DA:10,1
DA:11,1
DA:12,1
DA:13,1
DA:14,0
DA:15,0
DA:16,0
DA:17,0
DA:18,0
DA:19,0
DA:20,0
DA:21,0
DA:22,0
DA:23,0
DA:24,0
DA:25,0
DA:26,1
DA:27,1
DA:28,0
DA:29,0
DA:30,0
DA:31,0
DA:32,0
DA:33,0
DA:34,0
DA:35,0
DA:36,0
DA:37,0
DA:38,0
DA:39,0
DA:40,0
DA:41,0
DA:42,0
DA:43,0
DA:44,0
DA:45,0
DA:46,0
DA:47,0
DA:48,0
DA:49,0
DA:50,0
DA:51,0
DA:52,0
DA:53,0
DA:54,0
DA:55,0
DA:56,0
DA:57,0
DA:58,0
DA:59,0
DA:60,0
DA:61,0
DA:62,0
DA:63,0
DA:64,0
DA:65,1
DA:66,1
DA:67,1
LF:67
LH:18
BRDA:12,0,0,1
BRF:1
BRH:1
end_of_record
TN:
SF:src/modules/accounts/useCases/showProfileUser/ShowProfileUserController.ts
FN:6,ShowProfileUserController
FN:7,Object.<anonymous>.ShowProfileUserController.handle
FNF:2
FNH:1
FNDA:1,ShowProfileUserController
FNDA:0,Object.<anonymous>.ShowProfileUserController.handle
DA:1,1
DA:2,1
DA:3,1
DA:4,1
DA:5,1
DA:6,1
DA:7,1
DA:8,0
DA:9,0
DA:10,0
DA:11,0
DA:12,0
DA:13,0
DA:14,0
DA:15,0
DA:16,1
DA:17,1
DA:18,1
LF:18
LH:10
BRDA:6,0,0,1
BRDA:6,1,0,1
BRF:2
BRH:2
end_of_record
TN:
SF:src/modules/accounts/useCases/showProfileUser/ShowProfileUserUseCase.ts
FN:10,ShowProfileUserUseCase
FN:15,Object.<anonymous>.ShowProfileUserUseCase.execute
FNF:2
FNH:0
FNDA:0,ShowProfileUserUseCase
FNDA:0,Object.<anonymous>.ShowProfileUserUseCase.execute
DA:1,1
DA:2,1
DA:3,1
DA:4,1
DA:5,1
DA:6,1
DA:7,1
DA:8,1
DA:9,1
DA:10,1
DA:11,0
DA:12,0
DA:13,0
DA:14,1
DA:15,1
DA:16,0
DA:17,0
DA:18,0
DA:19,0
DA:20,0
DA:21,0
DA:22,0
DA:23,0
DA:24,1
DA:25,1
DA:26,1
LF:26
LH:15
BRDA:9,0,0,1
BRF:1
BRH:1
end_of_record
TN:
SF:src/modules/stores/useCases/createAddress/CreateStoreAddressController.ts
FN:6,CreateStoreAddressController
FN:7,Object.<anonymous>.CreateStoreAddressController.handle
FNF:2
FNH:1
FNDA:1,CreateStoreAddressController
FNDA:0,Object.<anonymous>.CreateStoreAddressController.handle
DA:1,1
DA:2,1
DA:3,1
DA:4,1
DA:5,1
DA:6,1
DA:7,1
DA:8,0
DA:9,0
DA:10,0
DA:11,0
DA:12,0
DA:13,0
DA:14,0
DA:15,0
DA:16,0
DA:17,0
DA:18,0
DA:19,0
DA:20,0
DA:21,0
DA:22,0
DA:23,0
DA:24,0
DA:25,0
DA:26,0
DA:27,0
DA:28,0
DA:29,0
DA:30,0
DA:31,0
DA:32,0
DA:33,0
DA:34,0
DA:35,0
DA:36,0
DA:37,0
DA:38,0
DA:39,0
DA:40,0
DA:41,0
DA:42,0
DA:43,0
DA:44,1
DA:45,1
DA:46,1
LF:46
LH:10
BRDA:6,0,0,1
BRDA:6,1,0,1
BRF:2
BRH:2
end_of_record
TN:
SF:src/modules/stores/useCases/createAddress/CreateStoreAddressUseCase.ts
FN:28,CreateStoreAddressUseCase
FN:36,Object.<anonymous>.CreateStoreAddressUseCase.execute
FNF:2
FNH:0
FNDA:0,CreateStoreAddressUseCase
FNDA:0,Object.<anonymous>.CreateStoreAddressUseCase.execute
DA:1,1
DA:2,1
DA:3,1
DA:4,1
DA:5,1
DA:6,1
DA:7,1
DA:8,1
DA:9,1
DA:10,1
DA:11,1
DA:12,1
DA:13,1
DA:14,1
DA:15,1
DA:16,1
DA:17,1
DA:18,1
DA:19,1
DA:20,1
DA:21,1
DA:22,1
DA:23,1
DA:24,1
DA:25,1
DA:26,1
DA:27,1
DA:28,1
DA:29,0
DA:30,0
DA:31,0
DA:32,0
DA:33,0
DA:34,0
DA:35,1
DA:36,1
DA:37,0
DA:38,0
DA:39,0
DA:40,0
DA:41,0
DA:42,0
DA:43,0
DA:44,0
DA:45,0
DA:46,0
DA:47,0
DA:48,0
DA:49,0
DA:50,0
DA:51,0
DA:52,0
DA:53,0
DA:54,0
DA:55,0
DA:56,0
DA:57,0
DA:58,0
DA:59,0
DA:60,0
DA:61,0
DA:62,0
DA:63,0
DA:64,0
DA:65,0
DA:66,0
DA:67,0
DA:68,0
DA:69,0
DA:70,0
DA:71,0
DA:72,0
DA:73,0
DA:74,0
DA:75,0
DA:76,0
DA:77,0
DA:78,0
DA:79,0
DA:80,0
DA:81,1
DA:82,1
DA:83,1
LF:83
LH:33
BRDA:27,0,0,1
BRF:1
BRH:1
end_of_record
TN:
SF:src/modules/stores/useCases/createCategoryStores/CreateCategoryStoresController.ts
FN:6,CreateCategoryStoresController
FN:7,Object.<anonymous>.CreateCategoryStoresController.handle
FNF:2
FNH:1
FNDA:1,CreateCategoryStoresController
FNDA:0,Object.<anonymous>.CreateCategoryStoresController.handle
DA:1,1
DA:2,1
DA:3,1
DA:4,1
DA:5,1
DA:6,1
DA:7,1
DA:8,0
DA:9,0
DA:10,0
DA:11,0
DA:12,0
DA:13,0
DA:14,0
DA:15,0
DA:16,0
DA:17,0
DA:18,0
DA:19,0
DA:20,0
DA:21,0
DA:22,1
DA:23,1
DA:24,1
LF:24
LH:10
BRDA:6,0,0,1
BRDA:6,1,0,1
BRF:2
BRH:2
end_of_record
TN:
SF:src/modules/stores/useCases/createCategoryStores/CreateCategoryStoresUseCase.ts
FN:15,CreateCategoryStoresUseCase
FN:23,Object.<anonymous>.CreateCategoryStoresUseCase.execute
FNF:2
FNH:0
FNDA:0,CreateCategoryStoresUseCase
FNDA:0,Object.<anonymous>.CreateCategoryStoresUseCase.execute
DA:1,1
DA:2,1
DA:3,1
DA:4,1
DA:5,1
DA:6,1
DA:7,1
DA:8,1
DA:9,1
DA:10,1
DA:11,1
DA:12,1
DA:13,1
DA:14,1
DA:15,1
DA:16,0
DA:17,0
DA:18,0
DA:19,0
DA:20,0
DA:21,0
DA:22,1
DA:23,1
DA:24,0
DA:25,0
DA:26,0
DA:27,0
DA:28,0
DA:29,0
DA:30,0
DA:31,0
DA:32,0
DA:33,0
DA:34,0
DA:35,0
DA:36,0
DA:37,0
DA:38,0
DA:39,0
DA:40,0
DA:41,0
DA:42,0
DA:43,0
DA:44,1
DA:45,1
DA:46,1
LF:46
LH:20
BRDA:14,0,0,1
BRF:1
BRH:1
end_of_record
TN:
SF:src/modules/stores/useCases/createProducts/CreateProductController.ts
FN:6,CreateProductController
FN:7,Object.<anonymous>.CreateProductController.handle
FNF:2
FNH:1
FNDA:1,CreateProductController
FNDA:0,Object.<anonymous>.CreateProductController.handle
DA:1,1
DA:2,1
DA:3,1
DA:4,1
DA:5,1
DA:6,1
DA:7,1
DA:8,0
DA:9,0
DA:10,0
DA:11,0
DA:12,0
DA:13,0
DA:14,0
DA:15,0
DA:16,0
DA:17,0
DA:18,0
DA:19,0
DA:20,0
DA:21,0
DA:22,0
DA:23,0
DA:24,0
DA:25,1
DA:26,1
DA:27,1
LF:27
LH:10
BRDA:6,0,0,1
BRDA:6,1,0,1
BRF:2
BRH:2
end_of_record
TN:
SF:src/modules/stores/useCases/createProducts/CreateProductUseCase.ts
FN:20,CreateProductUseCase
FN:31,Object.<anonymous>.CreateProductUseCase.execute
FNF:2
FNH:0
FNDA:0,CreateProductUseCase
FNDA:0,Object.<anonymous>.CreateProductUseCase.execute
DA:1,1
DA:2,1
DA:3,1
DA:4,1
DA:5,1
DA:6,1
DA:7,1
DA:8,1
DA:9,1
DA:10,1
DA:11,1
DA:12,1
DA:13,1
DA:14,1
DA:15,1
DA:16,1
DA:17,1
DA:18,1
DA:19,1
DA:20,1
DA:21,0
DA:22,0
DA:23,0
DA:24,0
DA:25,0
DA:26,0
DA:27,0
DA:28,0
DA:29,0
DA:30,1
DA:31,1
DA:32,0
DA:33,0
DA:34,0
DA:35,0
DA:36,0
DA:37,0
DA:38,0
DA:39,0
DA:40,0
DA:41,0
DA:42,0
DA:43,0
DA:44,0
DA:45,0
DA:46,0
DA:47,0
DA:48,0
DA:49,0
DA:50,0
DA:51,0
DA:52,0
DA:53,0
DA:54,0
DA:55,0
DA:56,0
DA:57,0
DA:58,0
DA:59,0
DA:60,0
DA:61,0
DA:62,0
DA:63,0
DA:64,0
DA:65,0
DA:66,0
DA:67,0
DA:68,0
DA:69,0
DA:70,0
DA:71,1
DA:72,1
DA:73,1
LF:73
LH:25
BRDA:19,0,0,1
BRF:1
BRH:1
end_of_record
TN:
SF:src/modules/stores/useCases/createStore/CreateStoreController.ts
FN:6,CreateStoreController
FN:7,Object.<anonymous>.CreateStoreController.handle
FNF:2
FNH:1
FNDA:1,CreateStoreController
FNDA:0,Object.<anonymous>.CreateStoreController.handle
DA:1,1
DA:2,1
DA:3,1
DA:4,1
DA:5,1
DA:6,1
DA:7,1
DA:8,0
DA:9,0
DA:10,0
DA:11,0
DA:12,0
DA:13,0
DA:14,0
DA:15,0
DA:16,0
DA:17,0
DA:18,0
DA:19,0
DA:20,0
DA:21,0
DA:22,0
DA:23,0
DA:24,0
DA:25,1
DA:26,1
DA:27,1
LF:27
LH:10
BRDA:6,0,0,1
BRDA:6,1,0,1
BRF:2
BRH:2
end_of_record
TN:
SF:src/modules/stores/useCases/createStore/CreateStoreUseCase.ts
FN:20,CreateStoreUseCase
FN:28,Object.<anonymous>.CreateStoreUseCase.execute
FNF:2
FNH:0
FNDA:0,CreateStoreUseCase
FNDA:0,Object.<anonymous>.CreateStoreUseCase.execute
DA:1,1
DA:2,1
DA:3,1
DA:4,1
DA:5,1
DA:6,1
DA:7,1
DA:8,1
DA:9,1
DA:10,1
DA:11,1
DA:12,1
DA:13,1
DA:14,1
DA:15,1
DA:16,1
DA:17,1
DA:18,1
DA:19,1
DA:20,1
DA:21,0
DA:22,0
DA:23,0
DA:24,0
DA:25,0
DA:26,0
DA:27,1
DA:28,1
DA:29,0
DA:30,0
DA:31,0
DA:32,0
DA:33,0
DA:34,0
DA:35,0
DA:36,0
DA:37,0
DA:38,0
DA:39,0
DA:40,0
DA:41,0
DA:42,0
DA:43,0
DA:44,0
DA:45,0
DA:46,0
DA:47,0
DA:48,0
DA:49,0
DA:50,0
DA:51,0
DA:52,0
DA:53,0
DA:54,0
DA:55,0
DA:56,0
DA:57,0
DA:58,0
DA:59,0
DA:60,0
DA:61,0
DA:62,0
DA:63,0
DA:64,0
DA:65,0
DA:66,0
DA:67,0
DA:68,0
DA:69,0
DA:70,0
DA:71,0
DA:72,0
DA:73,1
DA:74,1
DA:75,1
LF:75
LH:25
BRDA:19,0,0,1
BRF:1
BRH:1
end_of_record
TN:
SF:src/modules/stores/useCases/createStoreCategory/CreateStoreCategoryController.ts
FN:6,CreateStoreCategoryController
FN:7,Object.<anonymous>.CreateStoreCategoryController.handle
FNF:2
FNH:1
FNDA:1,CreateStoreCategoryController
FNDA:0,Object.<anonymous>.CreateStoreCategoryController.handle
DA:1,1
DA:2,1
DA:3,1
DA:4,1
DA:5,1
DA:6,1
DA:7,1
DA:8,0
DA:9,0
DA:10,0
DA:11,0
DA:12,0
DA:13,0
DA:14,0
DA:15,0
DA:16,0
DA:17,0
DA:18,1
DA:19,1
DA:20,1
LF:20
LH:10
BRDA:6,0,0,1
BRDA:6,1,0,1
BRF:2
BRH:2
end_of_record
TN:
SF:src/modules/stores/useCases/createStoreCategory/CreateStoreCategoryUseCase.ts
FN:9,CreateStoreCategoryUseCase
FN:14,Object.<anonymous>.CreateStoreCategoryUseCase.execute
FNF:2
FNH:0
FNDA:0,CreateStoreCategoryUseCase
FNDA:0,Object.<anonymous>.CreateStoreCategoryUseCase.execute
DA:1,1
DA:2,1
DA:3,1
DA:4,1
DA:5,1
DA:6,1
DA:7,1
DA:8,1
DA:9,1
DA:10,0
DA:11,0
DA:12,0
DA:13,1
DA:14,1
DA:15,0
DA:16,0
DA:17,0
DA:18,0
DA:19,0
DA:20,0
DA:21,0
DA:22,0
DA:23,0
DA:24,0
DA:25,0
DA:26,0
DA:27,0
DA:28,0
DA:29,1
DA:30,1
DA:31,1
LF:31
LH:14
BRDA:8,0,0,1
BRF:1
BRH:1
end_of_record
TN:
SF:src/modules/stores/useCases/deleteStore/DeleteStoreController.ts
FN:6,DeleteStoreController
FN:7,Object.<anonymous>.DeleteStoreController.handle
FNF:2
FNH:1
FNDA:1,DeleteStoreController
FNDA:0,Object.<anonymous>.DeleteStoreController.handle
DA:1,1
DA:2,1
DA:3,1
DA:4,1
DA:5,1
DA:6,1
DA:7,1
DA:8,0
DA:9,0
DA:10,0
DA:11,0
DA:12,0
DA:13,0
DA:14,0
DA:15,0
DA:16,1
DA:17,1
DA:18,1
LF:18
LH:10
BRDA:6,0,0,1
BRDA:6,1,0,1
BRF:2
BRH:2
end_of_record
TN:
SF:src/modules/stores/useCases/deleteStore/DeleteStoreUseCase.ts
FN:9,DeleteStoreUseCase
FN:17,Object.<anonymous>.DeleteStoreUseCase.execute
FNF:2
FNH:0
FNDA:0,DeleteStoreUseCase
FNDA:0,Object.<anonymous>.DeleteStoreUseCase.execute
DA:1,1
DA:2,1
DA:3,1
DA:4,1
DA:5,1
DA:6,1
DA:7,1
DA:8,1
DA:9,1
DA:10,0
DA:11,0
DA:12,0
DA:13,0
DA:14,0
DA:15,0
DA:16,1
DA:17,1
DA:18,0
DA:19,0
DA:20,0
DA:21,0
DA:22,0
DA:23,0
DA:24,0
DA:25,0
DA:26,0
DA:27,0
DA:28,0
DA:29,0
DA:30,0
DA:31,0
DA:32,1
DA:33,1
DA:34,1
LF:34
LH:14
BRDA:8,0,0,1
BRF:1
BRH:1
end_of_record
TN:
SF:src/modules/stores/useCases/updateAddressStore/UpdateAddressStoreController.ts
FN:6,UpdateStoreAddressStoreController
FN:7,Object.<anonymous>.UpdateStoreAddressStoreController.handle
FNF:2
FNH:1
FNDA:1,UpdateStoreAddressStoreController
FNDA:0,Object.<anonymous>.UpdateStoreAddressStoreController.handle
DA:1,1
DA:2,1
DA:3,1
DA:4,1
DA:5,1
DA:6,1
DA:7,1
DA:8,0
DA:9,0
DA:10,0
DA:11,0
DA:12,0
DA:13,0
DA:14,0
DA:15,0
DA:16,0
DA:17,0
DA:18,0
DA:19,0
DA:20,0
DA:21,0
DA:22,0
DA:23,0
DA:24,0
DA:25,0
DA:26,0
DA:27,0
DA:28,0
DA:29,0
DA:30,0
DA:31,0
DA:32,0
DA:33,0
DA:34,0
DA:35,0
DA:36,0
DA:37,0
DA:38,0
DA:39,0
DA:40,0
DA:41,0
DA:42,0
DA:43,0
DA:44,0
DA:45,1
DA:46,1
DA:47,1
LF:47
LH:10
BRDA:6,0,0,1
BRDA:6,1,0,1
BRF:2
BRH:2
end_of_record
TN:
SF:src/modules/stores/useCases/updateAddressStore/UpdateAddressStoreUseCase.ts
FN:27,UpdateStoreAddressStoreUseCase
FN:35,Object.<anonymous>.UpdateStoreAddressStoreUseCase.execute
FNF:2
FNH:0
FNDA:0,UpdateStoreAddressStoreUseCase
FNDA:0,Object.<anonymous>.UpdateStoreAddressStoreUseCase.execute
DA:1,1
DA:2,1
DA:3,1
DA:4,1
DA:5,1
DA:6,1
DA:7,1
DA:8,1
DA:9,1
DA:10,1
DA:11,1
DA:12,1
DA:13,1
DA:14,1
DA:15,1
DA:16,1
DA:17,1
DA:18,1
DA:19,1
DA:20,1
DA:21,1
DA:22,1
DA:23,1
DA:24,1
DA:25,1
DA:26,1
DA:27,1
DA:28,0
DA:29,0
DA:30,0
DA:31,0
DA:32,0
DA:33,0
DA:34,1
DA:35,1
DA:36,0
DA:37,0
DA:38,0
DA:39,0
DA:40,0
DA:41,0
DA:42,0
DA:43,0
DA:44,0
DA:45,0
DA:46,0
DA:47,0
DA:48,0
DA:49,0
DA:50,0
DA:51,0
DA:52,0
DA:53,0
DA:54,0
DA:55,0
DA:56,0
DA:57,0
DA:58,0
DA:59,0
DA:60,0
DA:61,0
DA:62,0
DA:63,0
DA:64,0
DA:65,0
DA:66,0
DA:67,0
DA:68,0
DA:69,0
DA:70,0
DA:71,0
DA:72,1
DA:73,1
DA:74,1
LF:74
LH:32
BRDA:26,0,0,1
BRF:1
BRH:1
end_of_record
TN:
SF:src/modules/stores/useCases/updateStore/UpdateStoreController.ts
FN:6,UpdateStoreController
FN:7,Object.<anonymous>.UpdateStoreController.handle
FNF:2
FNH:1
FNDA:1,UpdateStoreController
FNDA:0,Object.<anonymous>.UpdateStoreController.handle
DA:1,1
DA:2,1
DA:3,1
DA:4,1
DA:5,1
DA:6,1
DA:7,1
DA:8,0
DA:9,0
DA:10,0
DA:11,0
DA:12,0
DA:13,0
DA:14,0
DA:15,0
DA:16,0
DA:17,0
DA:18,0
DA:19,0
DA:20,0
DA:21,0
DA:22,0
DA:23,0
DA:24,0
DA:25,0
DA:26,0
DA:27,0
DA:28,0
DA:29,1
DA:30,1
DA:31,1
LF:31
LH:10
BRDA:6,0,0,1
BRDA:6,1,0,1
BRF:2
BRH:2
end_of_record
TN:
SF:src/modules/stores/useCases/updateStore/UpdateStoreUseCase.ts
FN:23,UpdateStoreUseCase
FN:34,Object.<anonymous>.UpdateStoreUseCase.execute
FNF:2
FNH:0
FNDA:0,UpdateStoreUseCase
FNDA:0,Object.<anonymous>.UpdateStoreUseCase.execute
DA:1,1
DA:2,1
DA:3,1
DA:4,1
DA:5,1
DA:6,1
DA:7,1
DA:8,1
DA:9,1
DA:10,1
DA:11,1
DA:12,1
DA:13,1
DA:14,1
DA:15,1
DA:16,1
DA:17,1
DA:18,1
DA:19,1
DA:20,1
DA:21,1
DA:22,1
DA:23,1
DA:24,0
DA:25,0
DA:26,0
DA:27,0
DA:28,0
DA:29,0
DA:30,0
DA:31,0
DA:32,0
DA:33,1
DA:34,1
DA:35,0
DA:36,0
DA:37,0
DA:38,0
DA:39,0
DA:40,0
DA:41,0
DA:42,0
DA:43,0
DA:44,0
DA:45,0
DA:46,0
DA:47,0
DA:48,0
DA:49,0
DA:50,0
DA:51,0
DA:52,0
DA:53,0
DA:54,0
DA:55,0
DA:56,0
DA:57,0
DA:58,0
DA:59,0
DA:60,0
DA:61,0
DA:62,0
DA:63,0
DA:64,0
DA:65,0
DA:66,0
DA:67,0
DA:68,0
DA:69,0
DA:70,0
DA:71,0
DA:72,0
DA:73,0
DA:74,0
DA:75,0
DA:76,0
DA:77,0
DA:78,0
DA:79,0
DA:80,0
DA:81,0
DA:82,1
DA:83,1
DA:84,1
LF:84
LH:28
BRDA:22,0,0,1
BRF:1
BRH:1
end_of_record
