TN:
SF:src/modules/accounts/useCases/authenticateUser/AuthenticateUserController.ts
FN:1,(empty-report)
FNF:1
FNH:0
FNDA:0,(empty-report)
DA:1,0
DA:2,0
DA:3,0
DA:4,0
DA:5,0
DA:6,0
DA:7,0
DA:8,0
DA:9,0
DA:10,0
DA:11,0
DA:12,0
DA:13,0
DA:14,0
DA:15,0
DA:16,0
DA:17,0
DA:18,0
DA:19,0
LF:19
LH:0
BRDA:1,0,0,0
BRF:1
BRH:0
end_of_record
TN:
SF:src/modules/accounts/useCases/authenticateUser/AuthenticateUserUseCase.ts
FN:27,AuthenticateUserUseCase
FN:38,Object.<anonymous>.AuthenticateUserUseCase.execute
FNF:2
FNH:2
FNDA:2,AuthenticateUserUseCase
FNDA:2,Object.<anonymous>.AuthenticateUserUseCase.execute
DA:1,1
DA:2,1
DA:3,1
DA:4,1
DA:5,1
DA:6,1
DA:7,1
DA:8,1
DA:9,1
DA:10,1
DA:11,1
DA:12,1
DA:13,1
DA:14,1
DA:15,1
DA:16,1
DA:17,1
DA:18,1
DA:19,1
DA:20,1
DA:21,1
DA:22,1
DA:23,1
DA:24,1
DA:25,1
DA:26,1
DA:27,1
DA:28,2
DA:29,2
DA:30,2
DA:31,2
DA:32,2
DA:33,2
DA:34,2
DA:35,2
DA:36,2
DA:37,1
DA:38,1
DA:39,2
DA:40,2
DA:41,2
DA:42,2
DA:43,2
DA:44,2
DA:45,2
DA:46,2
DA:47,2
DA:48,2
DA:49,0
DA:50,0
DA:51,2
DA:52,2
DA:53,2
DA:54,2
DA:55,0
DA:56,0
DA:57,2
DA:58,2
DA:59,2
DA:60,2
DA:61,2
DA:62,2
DA:63,2
DA:64,2
DA:65,2
DA:66,2
DA:67,2
DA:68,2
DA:69,2
DA:70,2
DA:71,2
DA:72,2
DA:73,2
DA:74,2
DA:75,2
DA:76,2
DA:77,2
DA:78,2
DA:79,2
DA:80,2
DA:81,2
DA:82,2
DA:83,2
DA:84,2
DA:85,2
DA:86,2
DA:87,2
DA:88,2
DA:89,1
LF:89
LH:85
BRDA:26,0,0,1
BRDA:27,1,0,2
BRDA:38,2,0,2
BRDA:39,3,0,2
BRDA:48,4,0,0
BRDA:54,5,0,0
BRF:6
BRH:4
end_of_record
TN:
SF:src/modules/accounts/useCases/confirmUser/ConfirmationUserController.ts
FN:1,(empty-report)
FNF:1
FNH:0
FNDA:0,(empty-report)
DA:1,0
DA:2,0
DA:3,0
DA:4,0
DA:5,0
DA:6,0
DA:7,0
DA:8,0
DA:9,0
DA:10,0
DA:11,0
DA:12,0
DA:13,0
DA:14,0
DA:15,0
DA:16,0
DA:17,0
DA:18,0
LF:18
LH:0
BRDA:1,0,0,0
BRF:1
BRH:0
end_of_record
TN:
SF:src/modules/accounts/useCases/confirmUser/ConfirmationUserUseCase.ts
FN:10,ConfirmationUserUseCase
FN:21,Object.<anonymous>.ConfirmationUserUseCase.execute
FNF:2
FNH:2
FNDA:3,ConfirmationUserUseCase
FNDA:3,Object.<anonymous>.ConfirmationUserUseCase.execute
DA:1,1
DA:2,1
DA:3,1
DA:4,1
DA:5,1
DA:6,1
DA:7,1
DA:8,1
DA:9,1
DA:10,1
DA:11,3
DA:12,3
DA:13,3
DA:14,3
DA:15,3
DA:16,3
DA:17,3
DA:18,3
DA:19,3
DA:20,1
DA:21,1
DA:22,3
DA:23,3
DA:24,3
DA:25,3
DA:26,3
DA:27,1
DA:28,1
DA:29,2
DA:30,2
DA:31,2
DA:32,2
DA:33,2
DA:34,2
DA:35,3
DA:36,1
DA:37,1
DA:38,1
DA:39,1
DA:40,3
DA:41,3
DA:42,3
DA:43,3
DA:44,3
DA:45,3
DA:46,3
DA:47,1
DA:48,1
DA:49,1
LF:49
LH:49
BRDA:9,0,0,1
BRDA:10,1,0,3
BRDA:21,2,0,3
BRDA:22,3,0,3
BRDA:26,4,0,1
BRDA:29,5,0,2
BRDA:35,6,0,1
BRF:7
BRH:7
end_of_record
TN:
SF:src/modules/accounts/useCases/createUser/CreateUserController.ts
FN:1,(empty-report)
FNF:1
FNH:0
FNDA:0,(empty-report)
DA:1,0
DA:2,0
DA:3,0
DA:4,0
DA:5,0
DA:6,0
DA:7,0
DA:8,0
DA:9,0
DA:10,0
DA:11,0
DA:12,0
DA:13,0
DA:14,0
DA:15,0
DA:16,0
DA:17,0
DA:18,0
DA:19,0
DA:20,0
DA:21,0
DA:22,0
LF:22
LH:0
BRDA:1,0,0,0
BRF:1
BRH:0
end_of_record
TN:
SF:src/modules/accounts/useCases/createUser/CreateUserUseCase.ts
FN:13,CreateUserUseCase
FN:18,Object.<anonymous>.CreateUserUseCase.execute
FNF:2
FNH:2
FNDA:5,CreateUserUseCase
FNDA:7,Object.<anonymous>.CreateUserUseCase.execute
DA:1,1
DA:2,1
DA:3,1
DA:4,1
DA:5,1
DA:6,1
DA:7,1
DA:8,1
DA:9,1
DA:10,1
DA:11,1
DA:12,1
DA:13,1
DA:14,5
DA:15,5
DA:16,5
DA:17,1
DA:18,1
DA:19,7
DA:20,7
DA:21,7
DA:22,7
DA:23,7
DA:24,7
DA:25,7
DA:26,7
DA:27,1
DA:28,1
DA:29,6
DA:30,6
DA:31,6
DA:32,7
DA:33,1
DA:34,1
DA:35,5
DA:36,5
DA:37,7
DA:38,7
DA:39,1
DA:40,1
DA:41,4
DA:42,4
DA:43,4
DA:44,4
DA:45,7
DA:46,7
DA:47,1
DA:48,1
DA:49,3
DA:50,3
DA:51,7
DA:52,7
DA:53,7
DA:54,7
DA:55,7
DA:56,7
DA:57,7
DA:58,7
DA:59,7
DA:60,7
DA:61,1
LF:61
LH:61
BRDA:12,0,0,1
BRDA:13,1,0,5
BRDA:18,2,0,7
BRDA:26,3,0,1
BRDA:29,4,0,6
BRDA:32,5,0,1
BRDA:35,6,0,5
BRDA:38,7,0,1
BRDA:41,8,0,4
BRDA:46,9,0,1
BRDA:49,10,0,3
BRF:11
BRH:11
end_of_record
TN:
SF:src/modules/accounts/useCases/deleteUser/DeleteUserController.ts
FN:1,(empty-report)
FNF:1
FNH:0
FNDA:0,(empty-report)
DA:1,0
DA:2,0
DA:3,0
DA:4,0
DA:5,0
DA:6,0
DA:7,0
DA:8,0
DA:9,0
DA:10,0
DA:11,0
DA:12,0
DA:13,0
DA:14,0
DA:15,0
DA:16,0
DA:17,0
DA:18,0
DA:19,0
LF:19
LH:0
BRDA:1,0,0,0
BRF:1
BRH:0
end_of_record
TN:
SF:src/modules/accounts/useCases/deleteUser/DeleteUserUseCase.ts
FN:9,DeleteUserUseCase
FN:14,Object.<anonymous>.DeleteUserUseCase.execute
FNF:2
FNH:2
FNDA:3,DeleteUserUseCase
FNDA:3,Object.<anonymous>.DeleteUserUseCase.execute
DA:1,1
DA:2,1
DA:3,1
DA:4,1
DA:5,1
DA:6,1
DA:7,1
DA:8,1
DA:9,1
DA:10,3
DA:11,3
DA:12,3
DA:13,1
DA:14,1
DA:15,3
DA:16,3
DA:17,3
DA:18,1
DA:19,1
DA:20,2
DA:21,2
DA:22,3
DA:23,3
DA:24,1
DA:25,1
DA:26,1
DA:27,1
DA:28,3
DA:29,1
DA:30,1
DA:31,1
LF:31
LH:31
BRDA:8,0,0,1
BRDA:9,1,0,3
BRDA:14,2,0,3
BRDA:15,3,0,3
BRDA:17,4,0,1
BRDA:20,5,0,2
BRDA:23,6,0,1
BRF:7
BRH:7
end_of_record
TN:
SF:src/modules/accounts/useCases/refreshToken/RefreshTokenController.ts
FN:1,(empty-report)
FNF:1
FNH:0
FNDA:0,(empty-report)
DA:1,0
DA:2,0
DA:3,0
DA:4,0
DA:5,0
DA:6,0
DA:7,0
DA:8,0
DA:9,0
DA:10,0
DA:11,0
DA:12,0
DA:13,0
DA:14,0
DA:15,0
DA:16,0
DA:17,0
DA:18,0
DA:19,0
DA:20,0
DA:21,0
LF:21
LH:0
BRDA:1,0,0,0
BRF:1
BRH:0
end_of_record
TN:
SF:src/modules/accounts/useCases/refreshToken/RefreshTokenUseCase.ts
FN:21,RefreshTokenUseCase
FN:29,Object.<anonymous>.RefreshTokenUseCase.execute
FNF:2
FNH:2
FNDA:2,RefreshTokenUseCase
FNDA:2,Object.<anonymous>.RefreshTokenUseCase.execute
DA:1,1
DA:2,1
DA:3,1
DA:4,1
DA:5,1
DA:6,1
DA:7,1
DA:8,1
DA:9,1
DA:10,1
DA:11,1
DA:12,1
DA:13,1
DA:14,1
DA:15,1
DA:16,1
DA:17,1
DA:18,1
DA:19,1
DA:20,1
DA:21,1
DA:22,2
DA:23,2
DA:24,2
DA:25,2
DA:26,2
DA:27,2
DA:28,1
DA:29,1
DA:30,2
DA:31,2
DA:32,2
DA:33,2
DA:34,2
DA:35,2
DA:36,2
DA:37,2
DA:38,2
DA:39,2
DA:40,1
DA:41,1
DA:42,1
DA:43,1
DA:44,2
DA:45,2
DA:46,2
DA:47,2
DA:48,2
DA:49,2
DA:50,2
DA:51,2
DA:52,2
DA:53,2
DA:54,2
DA:55,2
DA:56,2
DA:57,2
DA:58,2
DA:59,2
DA:60,2
DA:61,2
DA:62,2
DA:63,2
DA:64,2
DA:65,2
DA:66,2
DA:67,2
DA:68,2
DA:69,2
DA:70,1
DA:71,1
DA:72,1
LF:72
LH:72
BRDA:20,0,0,1
BRDA:21,1,0,2
BRDA:29,2,0,2
BRDA:39,3,0,1
BRF:4
BRH:4
end_of_record
TN:
SF:src/modules/accounts/useCases/resetPasswordUser/ResetPasswordUserController.ts
FN:1,(empty-report)
FNF:1
FNH:0
FNDA:0,(empty-report)
DA:1,0
DA:2,0
DA:3,0
DA:4,0
DA:5,0
DA:6,0
DA:7,0
DA:8,0
DA:9,0
DA:10,0
DA:11,0
DA:12,0
DA:13,0
DA:14,0
DA:15,0
DA:16,0
DA:17,0
DA:18,0
DA:19,0
DA:20,0
DA:21,0
LF:21
LH:0
BRDA:1,0,0,0
BRF:1
BRH:0
end_of_record
TN:
SF:src/modules/accounts/useCases/resetPasswordUser/ResetPasswordUserUseCase.ts
FN:16,ResetPasswordUserUseCase
FN:27,Object.<anonymous>.ResetPasswordUserUseCase.execute
FNF:2
FNH:2
FNDA:3,ResetPasswordUserUseCase
FNDA:3,Object.<anonymous>.ResetPasswordUserUseCase.execute
DA:1,1
DA:2,1
DA:3,1
DA:4,1
DA:5,1
DA:6,1
DA:7,1
DA:8,1
DA:9,1
DA:10,1
DA:11,1
DA:12,1
DA:13,1
DA:14,1
DA:15,1
DA:16,1
DA:17,3
DA:18,3
DA:19,3
DA:20,3
DA:21,3
DA:22,3
DA:23,3
DA:24,3
DA:25,3
DA:26,1
DA:27,1
DA:28,3
DA:29,3
DA:30,3
DA:31,3
DA:32,3
DA:33,1
DA:34,1
DA:35,2
DA:36,2
DA:37,2
DA:38,2
DA:39,2
DA:40,2
DA:41,3
DA:42,1
DA:43,1
DA:44,1
DA:45,1
DA:46,3
DA:47,3
DA:48,3
DA:49,3
DA:50,3
DA:51,3
DA:52,3
DA:53,1
DA:54,1
DA:55,1
LF:55
LH:55
BRDA:15,0,0,1
BRDA:16,1,0,3
BRDA:27,2,0,3
BRDA:28,3,0,3
BRDA:32,4,0,1
BRDA:35,5,0,2
BRDA:41,6,0,1
BRF:7
BRH:7
end_of_record
TN:
SF:src/modules/accounts/useCases/sendConfirmateUserMail.ts/SendConfirmationUserMailController.ts
FN:1,(empty-report)
FNF:1
FNH:0
FNDA:0,(empty-report)
DA:1,0
DA:2,0
DA:3,0
DA:4,0
DA:5,0
DA:6,0
DA:7,0
DA:8,0
DA:9,0
DA:10,0
DA:11,0
DA:12,0
DA:13,0
DA:14,0
DA:15,0
DA:16,0
DA:17,0
DA:18,0
DA:19,0
DA:20,0
LF:20
LH:0
BRDA:1,0,0,0
BRF:1
BRH:0
end_of_record
TN:
SF:src/modules/accounts/useCases/sendConfirmateUserMail.ts/SendConfirmationUserMailUseCase.ts
FN:13,SendConfirmationUserMailUseCase
FN:26,Object.<anonymous>.SendConfirmationUserMailUseCase.execute
FNF:2
FNH:2
FNDA:2,SendConfirmationUserMailUseCase
FNDA:2,Object.<anonymous>.SendConfirmationUserMailUseCase.execute
DA:1,1
DA:2,1
DA:3,1
DA:4,1
DA:5,1
DA:6,1
DA:7,1
DA:8,1
DA:9,1
DA:10,1
DA:11,1
DA:12,1
DA:13,1
DA:14,2
DA:15,2
DA:16,2
DA:17,2
DA:18,2
DA:19,2
DA:20,2
DA:21,2
DA:22,2
DA:23,2
DA:24,2
DA:25,2
DA:26,1
DA:27,2
DA:28,2
DA:29,2
DA:30,1
DA:31,1
DA:32,1
DA:33,1
DA:34,1
DA:35,1
DA:36,1
DA:37,1
DA:38,1
DA:39,1
DA:40,1
DA:41,1
DA:42,1
DA:43,1
DA:44,1
DA:45,1
DA:46,1
DA:47,1
DA:48,1
DA:49,1
DA:50,1
DA:51,2
DA:52,2
DA:53,2
DA:54,2
DA:55,2
DA:56,2
DA:57,2
DA:58,2
DA:59,2
DA:60,2
DA:61,2
DA:62,2
DA:63,2
DA:64,2
DA:65,2
DA:66,1
DA:67,1
DA:68,1
LF:68
LH:68
BRDA:12,0,0,1
BRDA:13,1,0,2
BRDA:26,2,0,2
BRDA:27,3,0,2
BRDA:29,4,0,1
BRF:5
BRH:5
end_of_record
TN:
SF:src/modules/accounts/useCases/sendForgotPasswordMail/SendForgotPasswordMailController.ts
FN:1,(empty-report)
FNF:1
FNH:0
FNDA:0,(empty-report)
DA:1,0
DA:2,0
DA:3,0
DA:4,0
DA:5,0
DA:6,0
DA:7,0
DA:8,0
DA:9,0
DA:10,0
DA:11,0
DA:12,0
DA:13,0
DA:14,0
DA:15,0
DA:16,0
DA:17,0
DA:18,0
DA:19,0
DA:20,0
LF:20
LH:0
BRDA:1,0,0,0
BRF:1
BRH:0
end_of_record
TN:
SF:src/modules/accounts/useCases/sendForgotPasswordMail/SendForgotPasswordMailUseCase.ts
FN:13,SendForgotPasswordMailUseCase
FN:27,Object.<anonymous>.SendForgotPasswordMailUseCase.execute
FNF:2
FNH:2
FNDA:2,SendForgotPasswordMailUseCase
FNDA:2,Object.<anonymous>.SendForgotPasswordMailUseCase.execute
DA:1,1
DA:2,1
DA:3,1
DA:4,1
DA:5,1
DA:6,1
DA:7,1
DA:8,1
DA:9,1
DA:10,1
DA:11,1
DA:12,1
DA:13,1
DA:14,2
DA:15,2
DA:16,2
DA:17,2
DA:18,2
DA:19,2
DA:20,2
DA:21,2
DA:22,2
DA:23,2
DA:24,2
DA:25,2
DA:26,1
DA:27,1
DA:28,2
DA:29,2
DA:30,2
DA:31,2
DA:32,2
DA:33,2
DA:34,2
DA:35,2
DA:36,2
DA:37,2
DA:38,2
DA:39,2
DA:40,1
DA:41,1
DA:42,1
DA:43,1
DA:44,1
DA:45,1
DA:46,1
DA:47,1
DA:48,1
DA:49,1
DA:50,1
DA:51,1
DA:52,2
DA:53,2
DA:54,2
DA:55,2
DA:56,2
DA:57,2
DA:58,2
DA:59,2
DA:60,2
DA:61,2
DA:62,2
DA:63,2
DA:64,2
DA:65,1
DA:66,1
DA:67,1
LF:67
LH:67
BRDA:12,0,0,1
BRDA:13,1,0,2
BRDA:27,2,0,2
BRDA:28,3,0,2
BRDA:39,4,0,1
BRF:5
BRH:5
end_of_record
TN:
SF:src/modules/accounts/useCases/showProfileUser/ShowProfileUserController.ts
FN:1,(empty-report)
FNF:1
FNH:0
FNDA:0,(empty-report)
DA:1,0
DA:2,0
DA:3,0
DA:4,0
DA:5,0
DA:6,0
DA:7,0
DA:8,0
DA:9,0
DA:10,0
DA:11,0
DA:12,0
DA:13,0
DA:14,0
DA:15,0
DA:16,0
DA:17,0
DA:18,0
LF:18
LH:0
BRDA:1,0,0,0
BRF:1
BRH:0
end_of_record
TN:
SF:src/modules/accounts/useCases/showProfileUser/ShowProfileUserUseCase.ts
FN:10,ShowProfileUserUseCase
FN:15,Object.<anonymous>.ShowProfileUserUseCase.execute
FNF:2
FNH:2
FNDA:2,ShowProfileUserUseCase
FNDA:2,Object.<anonymous>.ShowProfileUserUseCase.execute
DA:1,1
DA:2,1
DA:3,1
DA:4,1
DA:5,1
DA:6,1
DA:7,1
DA:8,1
DA:9,1
DA:10,1
DA:11,2
DA:12,2
DA:13,2
DA:14,1
DA:15,1
DA:16,2
DA:17,2
DA:18,2
DA:19,1
DA:20,1
DA:21,1
DA:22,1
DA:23,2
DA:24,1
DA:25,1
DA:26,1
LF:26
LH:26
BRDA:9,0,0,1
BRDA:10,1,0,2
BRDA:15,2,0,2
BRDA:16,3,0,2
BRDA:18,4,0,1
BRF:5
BRH:5
end_of_record
